<?xml version="1.0" encoding="UTF-8"?>
<testng-results ignored="0" total="1" passed="1" failed="0" skipped="0">
  <reporter-output>
  </reporter-output>
  <suite started-at="2023-08-12T20:44:38 IST" name="Default suite" finished-at="2023-08-12T20:45:04 IST" duration-ms="26419">
    <groups>
    </groups>
    <test started-at="2023-08-12T20:44:38 IST" name="Default test" finished-at="2023-08-12T20:45:04 IST" duration-ms="26419">
      <class name="org.testing.TestScript.TC1">
        <test-method is-config="true" signature="Browserlaunch()[pri:0, instance:org.testing.TestScript.TC1@4686afc2]" started-at="2023-08-12T20:44:38 IST" name="Browserlaunch" finished-at="2023-08-12T20:44:43 IST" duration-ms="4825" status="PASS">
          <reporter-output>
          </reporter-output>
        </test-method> <!-- Browserlaunch -->
        <test-method signature="Trending()[pri:0, instance:org.testing.TestScript.TC1@4686afc2]" started-at="2023-08-12T20:44:43 IST" name="Trending" finished-at="2023-08-12T20:45:04 IST" duration-ms="21378" status="PASS">
          <reporter-output>
          </reporter-output>
        </test-method> <!-- Trending -->
        <test-method is-config="true" signature="BrowserClose()[pri:0, instance:org.testing.TestScript.TC1@4686afc2]" started-at="2023-08-12T20:45:04 IST" name="BrowserClose" finished-at="2023-08-12T20:45:04 IST" duration-ms="170" status="PASS">
          <reporter-output>
          </reporter-output>
        </test-method> <!-- BrowserClose -->
      </class> <!-- org.testing.TestScript.TC1 -->
    </test> <!-- Default test -->
  </suite> <!-- Default suite -->
</testng-results>
