<?xml version="1.0" encoding="UTF-8"?>
<testng-results ignored="0" total="1" passed="1" failed="0" skipped="0">
  <reporter-output>
  </reporter-output>
  <suite started-at="2023-09-02T11:29:29 IST" name="Default suite" finished-at="2023-09-02T11:30:22 IST" duration-ms="53211">
    <groups>
    </groups>
    <test started-at="2023-09-02T11:29:29 IST" name="Default test" finished-at="2023-09-02T11:30:22 IST" duration-ms="53211">
      <class name="org.testing.TestScript.TC1">
        <test-method is-config="true" signature="Browserlaunch()[pri:0, instance:org.testing.TestScript.TC1@368247b9]" started-at="2023-09-02T11:29:29 IST" name="Browserlaunch" finished-at="2023-09-02T11:29:57 IST" duration-ms="28810" status="PASS">
          <reporter-output>
          </reporter-output>
        </test-method> <!-- Browserlaunch -->
        <test-method signature="Trending()[pri:0, instance:org.testing.TestScript.TC1@368247b9]" started-at="2023-09-02T11:29:57 IST" name="Trending" finished-at="2023-09-02T11:30:22 IST" duration-ms="24348" status="PASS">
          <reporter-output>
          </reporter-output>
        </test-method> <!-- Trending -->
      </class> <!-- org.testing.TestScript.TC1 -->
    </test> <!-- Default test -->
  </suite> <!-- Default suite -->
</testng-results>
