<?xml version="1.0" encoding="UTF-8"?>
<!-- Generated by org.testng.reporters.JUnitXMLReporter -->
<testsuite ignored="0" hostname="DESKTOP-AU0DBV1" failures="0" tests="8" name="Test" time="208.421" errors="0" timestamp="2023-08-06T00:42:32 GMT-07:00">
  <testcase classname="org.testing.TestScript.TC1" name="Trending" time="16.761"/>
  <testcase classname="org.testing.TestScript.TC2" name="History" time="17.347"/>
  <testcase classname="org.testing.TestScript.TC3" name="Subscription" time="16.973"/>
  <testcase classname="org.testing.TestScript.TC4" name="likeAVideo" time="23.764"/>
  <testcase classname="org.testing.TestScript.TC5" name="SubscribeAChannel" time="24.661"/>
  <testcase classname="org.testing.TestScript.TC6" name="CommentOnAVideo" time="37.046"/>
  <testcase classname="org.testing.TestScript.TC7" name="Watchlater" time="19.708"/>
  <testcase classname="org.testing.TestScript.TC8" name="libraryClick" time="19.529"/>
</testsuite> <!-- Test -->
